Start testing: Dec 09 03:44 +03
----------------------------------------------------------
1/13 Testing: BasicTest
1/13 Test: BasicTest
Command: "/home/nzengi/Desktop/skein3-AI/build/basic_test"
Directory: /home/nzengi/Desktop/skein3-AI/build
"BasicTest" start time: Dec 09 03:44 +03
Output:
----------------------------------------------------------
Hash length: 64 bytes
Hash value: 00000000000000000000000000000000000000000000000000000000000000000000000000000000000000000000000000000000000000000000000000000000
Hash verification successful!
<end of output>
Test time =   0.00 sec
----------------------------------------------------------
Test Passed.
"BasicTest" end time: Dec 09 03:44 +03
"BasicTest" time elapsed: 00:00:00
----------------------------------------------------------

2/13 Testing: PerformanceTest
2/13 Test: PerformanceTest
Command: "/home/nzengi/Desktop/skein3-AI/build/performance_test"
Directory: /home/nzengi/Desktop/skein3-AI/build
"PerformanceTest" start time: Dec 09 03:44 +03
Output:
----------------------------------------------------------
Data size: 1024 bytes
Operation time: 3 microseconds
Throughput: 341333333.33 bytes/second

Data size: 1048576 bytes
Operation time: 2082 microseconds
Throughput: 503638808.84 bytes/second

Data size: 10485760 bytes
Operation time: 20643 microseconds
Throughput: 507957176.77 bytes/second

Performance Report:
Total data processed: 11.00 MB
Total time: 22.73 ms
Average throughput: 507.54 MB/s
<end of output>
Test time =   0.03 sec
----------------------------------------------------------
Test Passed.
"PerformanceTest" end time: Dec 09 03:44 +03
"PerformanceTest" time elapsed: 00:00:00
----------------------------------------------------------

3/13 Testing: ParallelTest
3/13 Test: ParallelTest
Command: "/home/nzengi/Desktop/skein3-AI/build/parallel_test"
Directory: /home/nzengi/Desktop/skein3-AI/build
"ParallelTest" start time: Dec 09 03:44 +03
Output:
----------------------------------------------------------
*** buffer overflow detected ***: terminated
*** buffer overflow detected ***: terminated
*** buffer overflow detected ***: terminated
*** buffer overflow detected ***: terminated
<end of output>
Test time =   1.64 sec
----------------------------------------------------------
Test Failed.
"ParallelTest" end time: Dec 09 03:44 +03
"ParallelTest" time elapsed: 00:00:01
----------------------------------------------------------

4/13 Testing: SecurityTest
4/13 Test: SecurityTest
Command: "/home/nzengi/Desktop/skein3-AI/build/security_test"
Directory: /home/nzengi/Desktop/skein3-AI/build
"SecurityTest" start time: Dec 09 03:44 +03
Output:
----------------------------------------------------------
Entropy level: 0.424018
Pattern complexity: 0.909091
Attack probability: 0.200067
Threat level: 1
<end of output>
Test time =   0.01 sec
----------------------------------------------------------
Test Passed.
"SecurityTest" end time: Dec 09 03:44 +03
"SecurityTest" time elapsed: 00:00:00
----------------------------------------------------------

5/13 Testing: ComprehensiveTest
5/13 Test: ComprehensiveTest
Command: "/home/nzengi/Desktop/skein3-AI/build/comprehensive_test"
Directory: /home/nzengi/Desktop/skein3-AI/build
"ComprehensiveTest" start time: Dec 09 03:44 +03
Output:
----------------------------------------------------------
Starting comprehensive test...

1. Edge Cases Test
Empty data hash length: 64 bytes
Single byte hash length: 64 bytes
Large data hashed

2. Special Input Test
All zeros hash: 00000000000000000000000000000000000000000000000000000000000000000000000000000000000000000000000000000000000000000000000000000000
All ones hash: 00000000000000000000000000000000000000000000000000000000000000000000000000000000000000000000000000000000000000000000000000000000
Alternating pattern hash: 00000000000000000000000000000000000000000000000000000000000000000000000000000000000000000000000000000000000000000000000000000000
UTF-8 hash: 00000000000000000000000000000000000000000000000000000000000000000000000000000000000000000000000000000000000000000000000000000000

3. Large Data Test
Size: 1 MB, Time: 1 ms
Size: 10 MB, Time: 13 ms
Size: 100 MB, Time: 138 ms

4. Random Data Test
Collision found! Hash repeat count: 1000

5. Consistency Test
Config #1 consistency: Success
Critical error: Quantum-resistant mode requires a commercial license
<end of output>
Test time =   6.89 sec
----------------------------------------------------------
Test Failed.
"ComprehensiveTest" end time: Dec 09 03:44 +03
"ComprehensiveTest" time elapsed: 00:00:06
----------------------------------------------------------

6/13 Testing: CustomizationTest
6/13 Test: CustomizationTest
Command: "/home/nzengi/Desktop/skein3-AI/build/customization_test"
Directory: /home/nzengi/Desktop/skein3-AI/build
"CustomizationTest" start time: Dec 09 03:44 +03
Output:
----------------------------------------------------------
Starting customization tests...

1. Custom Hash Modes Test
Blockchain mode hash size: 64
IoT mode hash size: 32
Real-time mode hash size: 64

2. Callback Functions Test
Callback called, data size: 5
Callback status: Success

3. Extension Test
Extended hash size: 64

4. Optimization Test
Normal mode duration: 1ms
Optimized mode duration: 1ms

5. Integration Test
Chunk 1 processed, hash size: 64
Chunk 2 processed, hash size: 64
Chunk 3 processed, hash size: 64
Chunk 4 processed, hash size: 64
Chunk 5 processed, hash size: 64
<end of output>
Test time =   0.01 sec
----------------------------------------------------------
Test Passed.
"CustomizationTest" end time: Dec 09 03:44 +03
"CustomizationTest" time elapsed: 00:00:00
----------------------------------------------------------

7/13 Testing: ErrorHandlingTest
7/13 Test: ErrorHandlingTest
Command: "/home/nzengi/Desktop/skein3-AI/build/error_handling_test"
Directory: /home/nzengi/Desktop/skein3-AI/build
"ErrorHandlingTest" start time: Dec 09 03:44 +03
Output:
----------------------------------------------------------
Starting error handling tests...

1. Configuration Errors Test
Error: Invalid size accepted!
Error: Invalid thread count accepted!

2. Memory Errors Test
Critical error: cannot create std::vector larger than max_size()
<end of output>
Test time =   0.00 sec
----------------------------------------------------------
Test Failed.
"ErrorHandlingTest" end time: Dec 09 03:44 +03
"ErrorHandlingTest" time elapsed: 00:00:00
----------------------------------------------------------

8/13 Testing: IntegrationTest
8/13 Test: IntegrationTest
Command: "/home/nzengi/Desktop/skein3-AI/build/integration_test"
Directory: /home/nzengi/Desktop/skein3-AI/build
"IntegrationTest" start time: Dec 09 03:44 +03
Output:
----------------------------------------------------------
Starting integration tests...


Test: API_Basic
Description: Basic API usage
Result: ❌ Failed

Test: File_Integration
Description: File system integration
Result: ✅ Success

Test: Stream_Processing
Description: Stream processing integration
Result: ✅ Success

Test: Error_Handling
Description: Error handling
Result: ❌ Failed

Test: Config_Management
Description: Configuration management
Result: ✅ Success

Total Result:
Success: 3
Failed: 2
<end of output>
Test time =   0.00 sec
----------------------------------------------------------
Test Passed.
"IntegrationTest" end time: Dec 09 03:44 +03
"IntegrationTest" time elapsed: 00:00:00
----------------------------------------------------------

9/13 Testing: LicenseTest
9/13 Test: LicenseTest
Command: "/home/nzengi/Desktop/skein3-AI/build/license_test"
Directory: /home/nzengi/Desktop/skein3-AI/build
"LicenseTest" start time: Dec 09 03:44 +03
Output:
----------------------------------------------------------
*** buffer overflow detected ***: terminated
*** buffer overflow detected ***: terminated
*** buffer overflow detected ***: terminated
<end of output>
Test time =   1.10 sec
----------------------------------------------------------
Test Failed.
"LicenseTest" end time: Dec 09 03:44 +03
"LicenseTest" time elapsed: 00:00:01
----------------------------------------------------------

10/13 Testing: MemoryTest
10/13 Test: MemoryTest
Command: "/home/nzengi/Desktop/skein3-AI/build/memory_test"
Directory: /home/nzengi/Desktop/skein3-AI/build
"MemoryTest" start time: Dec 09 03:44 +03
Output:
----------------------------------------------------------
Memory tests starting...

1. Basic Memory Operations Test

Size: 0.000976562 MB
Allocated: 1024 bytes
Peak usage: 0 bytes
Cleanup time: 0.031159 ms

Size: 1 MB
Allocated: 1048576 bytes
Peak usage: 1052672 bytes
Cleanup time: 20.7575 ms

Size: 10 MB
Allocated: 10485760 bytes
Peak usage: 10489856 bytes
Cleanup time: 201.409 ms

Size: 100 MB
Allocated: 104857600 bytes
Peak usage: 104861696 bytes
Cleanup time: 2002.72 ms

2. Secure Memory Protection Test

3. Memory Leak Test
Initial memory usage: 6606848 bytes
Final memory usage: 7733248 bytes
Difference: 1126400 bytes

4. Concurrent Memory Access Test
Concurrent access test: Success

5. Memory Boundaries Test
Trying to allocate 10GB memory...
Large memory allocation successful
Zero size allocation successful
<end of output>
Test time =   8.06 sec
----------------------------------------------------------
Test Passed.
"MemoryTest" end time: Dec 09 03:44 +03
"MemoryTest" time elapsed: 00:00:08
----------------------------------------------------------

11/13 Testing: PerformanceMetricsTest
11/13 Test: PerformanceMetricsTest
Command: "/home/nzengi/Desktop/skein3-AI/build/performance_metrics_test"
Directory: /home/nzengi/Desktop/skein3-AI/build
"PerformanceMetricsTest" start time: Dec 09 03:44 +03
Output:
----------------------------------------------------------
*** buffer overflow detected ***: terminated
*** buffer overflow detected ***: terminated
<end of output>
Test time =   2.35 sec
----------------------------------------------------------
Test Failed.
"PerformanceMetricsTest" end time: Dec 09 03:44 +03
"PerformanceMetricsTest" time elapsed: 00:00:02
----------------------------------------------------------

12/13 Testing: SecurityBenchmarkTest
12/13 Test: SecurityBenchmarkTest
Command: "/home/nzengi/Desktop/skein3-AI/build/security_benchmark"
Directory: /home/nzengi/Desktop/skein3-AI/build
"SecurityBenchmarkTest" start time: Dec 09 03:44 +03
Output:
----------------------------------------------------------
Security tests starting...

1. Standard Attack Resistance Test
Entropy Level: 1
Attack Probability: 0.00117994

Entropy Level: 1
Attack Probability: 0.00117994

Entropy Level: 0.976372
Attack Probability: 0.00738326

2. Quantum Resistance Test
Error: Quantum-resistant mode requires a commercial license
<end of output>
Test time =   0.01 sec
----------------------------------------------------------
Test Failed.
"SecurityBenchmarkTest" end time: Dec 09 03:44 +03
"SecurityBenchmarkTest" time elapsed: 00:00:00
----------------------------------------------------------

13/13 Testing: ReadmeTest
13/13 Test: ReadmeTest
Command: "/home/nzengi/Desktop/skein3-AI/build/readme_test"
Directory: /home/nzengi/Desktop/skein3-AI/build
"ReadmeTest" start time: Dec 09 03:44 +03
Output:
----------------------------------------------------------
Hash: 00000000000000000000000000000000000000000000000000000000000000000000000000000000000000000000000000000000000000000000000000000000
Streaming Hash: 01000000000000000000000000000000000000000000000000000000000000000000000000000000000000000000000000000000000000000000000000000000
AI-Optimized Hash: 00000000000000000000000000000000000000000000000000000000000000000000000000000000000000000000000000000000000000000000000000000000
<end of output>
Test time =   0.00 sec
----------------------------------------------------------
Test Passed.
"ReadmeTest" end time: Dec 09 03:44 +03
"ReadmeTest" time elapsed: 00:00:00
----------------------------------------------------------

End testing: Dec 09 03:44 +03
